<?xml version="1.0" encoding="UTF-8"?>
<!-- Generated by org.testng.reporters.JUnitReportReporter -->
<testsuite hostname="DESKTOP-V5C7IC8" failures="0" tests="1" name="cucumberOptions.TestNg_testRunner" time="13.617" errors="0" timestamp="2022-06-28T03:03:27 GMT-07:00" skipped="0">
  <testcase classname="cucumberOptions.TestNg_testRunner" name="runScenario" time="13.617"/>
  <system-out/>
</testsuite> <!-- cucumberOptions.TestNg_testRunner -->
